<?xml version="1.0" encoding="UTF-8"?>
<!-- Generated by org.testng.reporters.JUnitXMLReporter -->
<testsuite ignored="0" hostname="Acer_qa_aspire" failures="0" tests="12" name="Default test" time="23.622" errors="0" timestamp="2024-01-02T10:44:50 IST">
  <testcase classname="api.test.DDTests" name="testPostuser" time="4.282"/>
  <testcase classname="api.test.DDTests" name="testPostuser" time="1.198"/>
  <testcase classname="api.test.DDTests" name="testPostuser" time="1.118"/>
  <testcase classname="api.test.DDTests" name="testViewUserDetails" time="1.228"/>
  <testcase classname="api.test.DDTests" name="testViewUserDetails" time="1.134"/>
  <testcase classname="api.test.DDTests" name="testViewUserDetails" time="1.157"/>
  <testcase classname="api.test.DDTests" name="testUpdateUserDetails" time="2.266"/>
  <testcase classname="api.test.DDTests" name="testUpdateUserDetails" time="2.739"/>
  <testcase classname="api.test.DDTests" name="testUpdateUserDetails" time="2.869"/>
  <testcase classname="api.test.DDTests" name="testDeleteUser" time="1.17"/>
  <testcase classname="api.test.DDTests" name="testDeleteUser" time="1.152"/>
  <testcase classname="api.test.DDTests" name="testDeleteUser" time="1.124"/>
</testsuite> <!-- Default test -->
