<?xml version="1.0" encoding="UTF-8"?>
<!-- Generated by org.testng.reporters.JUnitXMLReporter -->
<testsuite ignored="0" hostname="Acer_qa_aspire" failures="0" tests="4" name="Default test" time="7.471" errors="0" timestamp="2024-01-16T12:51:57 IST">
  <testcase classname="api.test.PetStoreOrders" name="testCreate" time="3.341"/>
  <testcase classname="api.test.PetStoreOrders" name="testgetorderdetails" time="1.15"/>
  <testcase classname="api.test.PetStoreOrders" name="testgetinventorydetails" time="1.17"/>
  <testcase classname="api.test.PetStoreOrders" name="testdeleteorderbyid" time="1.157"/>
</testsuite> <!-- Default test -->
