<?xml version="1.0" encoding="UTF-8"?>
<!-- Generated by org.testng.reporters.JUnitXMLReporter -->
<testsuite ignored="0" hostname="Acer_qa_aspire" failures="0" tests="4" name="PetTest" time="10.582" errors="0" timestamp="2024-01-03T11:19:27 IST">
  <testcase classname="api.test.UserTests2" name="testCreateUser" time="3.846"/>
  <testcase classname="api.test.UserTests2" name="testgetUSerByName" time="1.192"/>
  <testcase classname="api.test.UserTests2" name="testUpdateUSerByName" time="2.195"/>
  <testcase classname="api.test.UserTests2" name="testDeleteUSerByName" time="2.187"/>
</testsuite> <!-- PetTest -->
