<?xml version="1.0" encoding="UTF-8"?>
<!-- Generated by org.testng.reporters.JUnitXMLReporter -->
<testsuite ignored="0" hostname="Acer_qa_aspire" failures="0" tests="4" name="Test" time="9.512" errors="0" timestamp="2024-01-03T10:37:21 IST">
  <testcase classname="api.test.UserTests2" name="testCreateUser" time="2.971"/>
  <testcase classname="api.test.UserTests2" name="testgetUSerByName" time="1.097"/>
  <testcase classname="api.test.UserTests2" name="testUpdateUSerByName" time="2.312"/>
  <testcase classname="api.test.UserTests2" name="testDeleteUSerByName" time="2.135"/>
</testsuite> <!-- Test -->
