<?xml version="1.0" encoding="UTF-8"?>
<!-- Generated by org.testng.reporters.JUnitXMLReporter -->
<testsuite ignored="0" hostname="Acer_qa_aspire" failures="0" tests="4" name="Test" time="10.297" errors="0" timestamp="2024-01-02T18:13:30 IST">
  <testcase classname="api.test.UserTests2" name="testCreateUser" time="3.381"/>
  <testcase classname="api.test.UserTests2" name="testgetUSerByName" time="1.191"/>
  <testcase classname="api.test.UserTests2" name="testUpdateUSerByName" time="2.213"/>
  <testcase classname="api.test.UserTests2" name="testDeleteUSerByName" time="2.261"/>
</testsuite> <!-- Test -->
