<?xml version="1.0" encoding="UTF-8"?>
<!-- Generated by org.testng.reporters.JUnitXMLReporter -->
<testsuite ignored="0" hostname="Acer_qa_aspire" failures="0" tests="4" name="PetTest" time="9.115" errors="0" timestamp="2024-01-03T11:22:19 IST">
  <testcase classname="api.test.UserTests2" name="testCreateUser" time="2.65"/>
  <testcase classname="api.test.UserTests2" name="testgetUSerByName" time="1.182"/>
  <testcase classname="api.test.UserTests2" name="testUpdateUSerByName" time="2.229"/>
  <testcase classname="api.test.UserTests2" name="testDeleteUSerByName" time="2.27"/>
</testsuite> <!-- PetTest -->
