<?xml version="1.0" encoding="UTF-8"?>
<!-- Generated by org.testng.reporters.JUnitXMLReporter -->
<testsuite ignored="0" hostname="Acer_qa_aspire" failures="0" tests="4" name="PetTest" time="9.18" errors="0" timestamp="2024-01-03T21:31:18 IST">
  <testcase classname="api.test.UserTests2" name="testCreateUser" time="2.801"/>
  <testcase classname="api.test.UserTests2" name="testgetUSerByName" time="1.093"/>
  <testcase classname="api.test.UserTests2" name="testUpdateUSerByName" time="2.232"/>
  <testcase classname="api.test.UserTests2" name="testDeleteUSerByName" time="2.177"/>
</testsuite> <!-- PetTest -->
