<?xml version="1.0" encoding="UTF-8"?>
<!-- Generated by org.testng.reporters.JUnitXMLReporter -->
<testsuite ignored="0" hostname="Acer_qa_aspire" failures="0" tests="4" name="Test" time="12.422" errors="0" timestamp="2024-01-02T19:04:45 IST">
  <testcase classname="api.test.UserTests2" name="testCreateUser" time="4.425"/>
  <testcase classname="api.test.UserTests2" name="testgetUSerByName" time="1.247"/>
  <testcase classname="api.test.UserTests2" name="testUpdateUSerByName" time="2.352"/>
  <testcase classname="api.test.UserTests2" name="testDeleteUSerByName" time="2.344"/>
</testsuite> <!-- Test -->
