<?xml version="1.0" encoding="UTF-8"?>
<testng-results ignored="0" total="4" passed="4" failed="0" skipped="0">
  <reporter-output>
  </reporter-output>
  <suite started-at="2024-01-03T11:22:10 IST" name="Suite" finished-at="2024-01-03T11:22:19 IST" duration-ms="9115">
    <groups>
    </groups>
    <test started-at="2024-01-03T11:22:10 IST" name="PetTest" finished-at="2024-01-03T11:22:19 IST" duration-ms="9115">
      <class name="api.test.UserTests2">
        <test-method is-config="true" signature="Setup()[pri:0, instance:api.test.UserTests2@1ab3a8c8]" started-at="2024-01-03T11:22:10 IST" name="Setup" finished-at="2024-01-03T11:22:11 IST" duration-ms="574" status="PASS">
          <reporter-output>
          </reporter-output>
        </test-method> <!-- Setup -->
        <test-method signature="testCreateUser()[pri:1, instance:api.test.UserTests2@1ab3a8c8]" started-at="2024-01-03T11:22:11 IST" name="testCreateUser" finished-at="2024-01-03T11:22:13 IST" duration-ms="2650" status="PASS">
          <reporter-output>
          </reporter-output>
        </test-method> <!-- testCreateUser -->
        <test-method signature="testgetUSerByName()[pri:2, instance:api.test.UserTests2@1ab3a8c8]" started-at="2024-01-03T11:22:13 IST" name="testgetUSerByName" finished-at="2024-01-03T11:22:15 IST" duration-ms="1182" status="PASS">
          <reporter-output>
          </reporter-output>
        </test-method> <!-- testgetUSerByName -->
        <test-method signature="testUpdateUSerByName()[pri:3, instance:api.test.UserTests2@1ab3a8c8]" started-at="2024-01-03T11:22:15 IST" name="testUpdateUSerByName" finished-at="2024-01-03T11:22:17 IST" duration-ms="2229" status="PASS">
          <reporter-output>
          </reporter-output>
        </test-method> <!-- testUpdateUSerByName -->
        <test-method signature="testDeleteUSerByName()[pri:4, instance:api.test.UserTests2@1ab3a8c8]" started-at="2024-01-03T11:22:17 IST" name="testDeleteUSerByName" finished-at="2024-01-03T11:22:19 IST" duration-ms="2270" status="PASS">
          <reporter-output>
          </reporter-output>
        </test-method> <!-- testDeleteUSerByName -->
      </class> <!-- api.test.UserTests2 -->
    </test> <!-- PetTest -->
  </suite> <!-- Suite -->
</testng-results>
