<?xml version="1.0" encoding="UTF-8"?>
<testng-results ignored="0" total="4" passed="4" failed="0" skipped="0">
  <reporter-output>
  </reporter-output>
  <suite started-at="2024-01-13T23:00:41 IST" name="Suite" finished-at="2024-01-13T23:00:50 IST" duration-ms="9106">
    <groups>
    </groups>
    <test started-at="2024-01-13T23:00:41 IST" name="PetTest" finished-at="2024-01-13T23:00:50 IST" duration-ms="9106">
      <class name="api.test.UserTests2">
        <test-method is-config="true" signature="Setup()[pri:0, instance:api.test.UserTests2@245b4bdc]" started-at="2024-01-13T23:00:41 IST" name="Setup" finished-at="2024-01-13T23:00:42 IST" duration-ms="595" status="PASS">
          <reporter-output>
          </reporter-output>
        </test-method> <!-- Setup -->
        <test-method signature="testCreateUser()[pri:1, instance:api.test.UserTests2@245b4bdc]" started-at="2024-01-13T23:00:42 IST" name="testCreateUser" finished-at="2024-01-13T23:00:45 IST" duration-ms="2610" status="PASS">
          <reporter-output>
          </reporter-output>
        </test-method> <!-- testCreateUser -->
        <test-method signature="testgetUSerByName()[pri:2, instance:api.test.UserTests2@245b4bdc]" started-at="2024-01-13T23:00:45 IST" name="testgetUSerByName" finished-at="2024-01-13T23:00:46 IST" duration-ms="1223" status="PASS">
          <reporter-output>
          </reporter-output>
        </test-method> <!-- testgetUSerByName -->
        <test-method signature="testUpdateUSerByName()[pri:3, instance:api.test.UserTests2@245b4bdc]" started-at="2024-01-13T23:00:46 IST" name="testUpdateUSerByName" finished-at="2024-01-13T23:00:48 IST" duration-ms="2255" status="PASS">
          <reporter-output>
          </reporter-output>
        </test-method> <!-- testUpdateUSerByName -->
        <test-method signature="testDeleteUSerByName()[pri:4, instance:api.test.UserTests2@245b4bdc]" started-at="2024-01-13T23:00:48 IST" name="testDeleteUSerByName" finished-at="2024-01-13T23:00:50 IST" duration-ms="2233" status="PASS">
          <reporter-output>
          </reporter-output>
        </test-method> <!-- testDeleteUSerByName -->
      </class> <!-- api.test.UserTests2 -->
    </test> <!-- PetTest -->
  </suite> <!-- Suite -->
</testng-results>
