<?xml version="1.0" encoding="UTF-8"?>
<testsuite xmlns:xsi="http://www.w3.org/2001/XMLSchema-instance" xsi:noNamespaceSchemaLocation="https://maven.apache.org/surefire/maven-surefire-plugin/xsd/surefire-test-report-3.0.xsd" version="3.0" name="TestSuite" time="9.739" tests="4" errors="0" skipped="0" failures="0">
  <properties>
[...]
</properties>
  <testcase name="testCreateUser" classname="api.test.UserTests2" time="2.616">
    <system-out><![CDATA[HTTP/1.1 200 OK
Date: Sat, 13 Jan 2024 17:30:47 GMT
Content-Type: application/json
Transfer-Encoding: chunked
Connection: keep-alive
Access-Control-Allow-Origin: *
Access-Control-Allow-Methods: GET, POST, DELETE, PUT
Access-Control-Allow-Headers: Content-Type, api_key, Authorization
Server: Jetty(9.2.9.v20150224)

{
    "code": 200,
    "type": "unknown",
    "message": "394771492"
}
]]></system-out>
    <system-err><![CDATA[SLF4J: Failed to load class "org.slf4j.impl.StaticLoggerBinder".
SLF4J: Defaulting to no-operation (NOP) logger implementation
SLF4J: See http://www.slf4j.org/codes.html#StaticLoggerBinder for further details.
]]></system-err>
  </testcase>
  <testcase name="testgetUSerByName" classname="api.test.UserTests2" time="1.224">
    <system-out><![CDATA[HTTP/1.1 200 OK
Date: Sat, 13 Jan 2024 17:30:48 GMT
Content-Type: application/json
Transfer-Encoding: chunked
Connection: keep-alive
Access-Control-Allow-Origin: *
Access-Control-Allow-Methods: GET, POST, DELETE, PUT
Access-Control-Allow-Headers: Content-Type, api_key, Authorization
Server: Jetty(9.2.9.v20150224)

{
    "id": 394771492,
    "username": "selena.strosin",
    "email": "alfred.halvorson@gmail.com",
    "password": "k5n0bjxv",
    "phone": "1-961-142-5286",
    "userStatus": 0
}
]]></system-out>
  </testcase>
  <testcase name="testUpdateUSerByName" classname="api.test.UserTests2" time="2.259">
    <system-out><![CDATA[{
    "code": 200,
    "type": "unknown",
    "message": "394771492"
}
HTTP/1.1 200 OK
Date: Sat, 13 Jan 2024 17:30:50 GMT
Content-Type: application/json
Transfer-Encoding: chunked
Connection: keep-alive
Access-Control-Allow-Origin: *
Access-Control-Allow-Methods: GET, POST, DELETE, PUT
Access-Control-Allow-Headers: Content-Type, api_key, Authorization
Server: Jetty(9.2.9.v20150224)

{
    "id": 394771492,
    "username": "selena.strosin",
    "email": "colleen.rice@gmail.com",
    "password": "k5n0bjxv",
    "phone": "1-961-142-5286",
    "userStatus": 0
}
]]></system-out>
  </testcase>
  <testcase name="testDeleteUSerByName" classname="api.test.UserTests2" time="2.232">
    <system-out><![CDATA[HTTP/1.1 404 Not Found
Date: Sat, 13 Jan 2024 17:30:53 GMT
Content-Type: application/json
Transfer-Encoding: chunked
Connection: keep-alive
Access-Control-Allow-Origin: *
Access-Control-Allow-Methods: GET, POST, DELETE, PUT
Access-Control-Allow-Headers: Content-Type, api_key, Authorization
Server: Jetty(9.2.9.v20150224)

{
    "code": 1,
    "type": "error",
    "message": "User not found"
}
]]></system-out>
  </testcase>
</testsuite>