<?xml version="1.0" encoding="UTF-8"?>
<testng-results ignored="0" total="4" passed="4" failed="0" skipped="0">
  <reporter-output>
  </reporter-output>
  <suite started-at="2024-01-02T18:13:19 IST" name="Suite" finished-at="2024-01-02T18:13:29 IST" duration-ms="10297">
    <groups>
    </groups>
    <test started-at="2024-01-02T18:13:19 IST" name="Test" finished-at="2024-01-02T18:13:29 IST" duration-ms="10297">
      <class name="api.test.UserTests2">
        <test-method is-config="true" signature="Setup()[pri:0, instance:api.test.UserTests2@351d00c0]" started-at="2024-01-02T18:13:19 IST" name="Setup" finished-at="2024-01-02T18:13:20 IST" duration-ms="905" status="PASS">
          <reporter-output>
          </reporter-output>
        </test-method> <!-- Setup -->
        <test-method signature="testCreateUser()[pri:1, instance:api.test.UserTests2@351d00c0]" started-at="2024-01-02T18:13:20 IST" name="testCreateUser" finished-at="2024-01-02T18:13:24 IST" duration-ms="3381" status="PASS">
          <reporter-output>
          </reporter-output>
        </test-method> <!-- testCreateUser -->
        <test-method signature="testgetUSerByName()[pri:2, instance:api.test.UserTests2@351d00c0]" started-at="2024-01-02T18:13:24 IST" name="testgetUSerByName" finished-at="2024-01-02T18:13:25 IST" duration-ms="1191" status="PASS">
          <reporter-output>
          </reporter-output>
        </test-method> <!-- testgetUSerByName -->
        <test-method signature="testUpdateUSerByName()[pri:3, instance:api.test.UserTests2@351d00c0]" started-at="2024-01-02T18:13:25 IST" name="testUpdateUSerByName" finished-at="2024-01-02T18:13:27 IST" duration-ms="2213" status="PASS">
          <reporter-output>
          </reporter-output>
        </test-method> <!-- testUpdateUSerByName -->
        <test-method signature="testDeleteUSerByName()[pri:4, instance:api.test.UserTests2@351d00c0]" started-at="2024-01-02T18:13:27 IST" name="testDeleteUSerByName" finished-at="2024-01-02T18:13:29 IST" duration-ms="2261" status="PASS">
          <reporter-output>
          </reporter-output>
        </test-method> <!-- testDeleteUSerByName -->
      </class> <!-- api.test.UserTests2 -->
    </test> <!-- Test -->
  </suite> <!-- Suite -->
</testng-results>
