<?xml version="1.0" encoding="UTF-8"?>
<!-- Generated by org.testng.reporters.JUnitXMLReporter -->
<testsuite ignored="0" hostname="Acer_qa_aspire" failures="0" tests="4" name="PetTests" time="10.046" errors="0" timestamp="2024-01-02T17:27:10 IST">
  <testcase classname="api.test.UserTests" name="testCreateUser" time="3.171"/>
  <testcase classname="api.test.UserTests" name="testgetUSerByName" time="1.17"/>
  <testcase classname="api.test.UserTests" name="testUpdateUSerByName" time="2.321"/>
  <testcase classname="api.test.UserTests" name="testDeleteUSerByName" time="2.231"/>
</testsuite> <!-- PetTests -->
